TN:
SF:client/src/components/AdminMenu.js
FN:3,(anonymous_0)
FNF:1
FNH:0
FNDA:0,(anonymous_0)
DA:3,0
DA:4,0
LF:2
LH:0
BRF:0
BRH:0
end_of_record
TN:
SF:client/src/components/Footer.js
FN:4,(anonymous_0)
FNF:1
FNH:1
FNDA:39,(anonymous_0)
DA:4,2
DA:5,39
LF:2
LH:2
BRF:0
BRH:0
end_of_record
TN:
SF:client/src/components/Header.js
FN:10,(anonymous_0)
FN:14,(anonymous_1)
FN:63,(anonymous_2)
FNF:3
FNH:1
FNDA:39,(anonymous_0)
FNDA:0,(anonymous_1)
FNDA:0,(anonymous_2)
DA:10,2
DA:11,39
DA:12,39
DA:13,39
DA:14,39
DA:15,0
DA:20,0
DA:21,0
DA:23,39
DA:64,0
LF:10
LH:6
BRDA:76,0,0,39
BRDA:76,0,1,0
BRDA:105,1,0,0
BRDA:105,1,1,0
BRF:4
BRH:1
end_of_record
TN:
SF:client/src/components/Layout.js
FN:8,(anonymous_0)
FNF:1
FNH:1
FNDA:39,(anonymous_0)
DA:8,2
DA:9,39
DA:28,2
LF:3
LH:3
BRF:0
BRH:0
end_of_record
TN:
SF:client/src/components/Prices.js
FNF:0
FNH:0
DA:1,0
LF:1
LH:0
BRF:0
BRH:0
end_of_record
TN:
SF:client/src/components/Spinner.js
FN:3,(anonymous_0)
FN:8,(anonymous_1)
FN:9,(anonymous_2)
FN:10,(anonymous_3)
FN:15,(anonymous_4)
FNF:5
FNH:0
FNDA:0,(anonymous_0)
FNDA:0,(anonymous_1)
FNDA:0,(anonymous_2)
FNDA:0,(anonymous_3)
FNDA:0,(anonymous_4)
DA:3,0
DA:4,0
DA:5,0
DA:6,0
DA:8,0
DA:9,0
DA:10,0
DA:12,0
DA:15,0
DA:17,0
LF:10
LH:0
BRDA:3,0,0,0
BRDA:12,1,0,0
BRDA:12,1,1,0
BRF:3
BRH:0
end_of_record
TN:
SF:client/src/components/UserMenu.js
FN:3,(anonymous_0)
FNF:1
FNH:1
FNDA:1,(anonymous_0)
DA:3,1
DA:4,1
LF:2
LH:2
BRF:0
BRH:0
end_of_record
TN:
SF:client/src/components/Form/CategoryForm.js
FN:3,(anonymous_0)
FN:13,(anonymous_1)
FNF:2
FNH:2
FNDA:70,(anonymous_0)
FNDA:24,(anonymous_1)
DA:3,2
DA:4,70
DA:13,24
LF:3
LH:3
BRF:0
BRH:0
end_of_record
TN:
SF:client/src/components/Form/SearchInput.js
FN:5,(anonymous_0)
FN:9,(anonymous_1)
FN:30,(anonymous_2)
FNF:3
FNH:3
FNDA:43,(anonymous_0)
FNDA:2,(anonymous_1)
FNDA:1,(anonymous_2)
DA:5,3
DA:6,43
DA:7,43
DA:9,43
DA:10,2
DA:11,2
DA:12,2
DA:15,1
DA:16,1
DA:18,1
DA:21,43
DA:30,1
LF:12
LH:12
BRF:0
BRH:0
end_of_record
TN:
SF:client/src/components/Routes/AdminRoute.js
FN:8,AdminRoute
FN:12,(anonymous_1)
FN:13,(anonymous_2)
FNF:3
FNH:0
FNDA:0,AdminRoute
FNDA:0,(anonymous_1)
FNDA:0,(anonymous_2)
DA:9,0
DA:10,0
DA:12,0
DA:13,0
DA:14,0
DA:15,0
DA:16,0
DA:18,0
DA:21,0
DA:24,0
LF:10
LH:0
BRDA:15,0,0,0
BRDA:15,0,1,0
BRDA:21,1,0,0
BRDA:21,1,1,0
BRDA:24,2,0,0
BRDA:24,2,1,0
BRF:6
BRH:0
end_of_record
TN:
SF:client/src/components/Routes/Private.js
FN:7,PrivateRoute
FN:11,(anonymous_1)
FN:12,(anonymous_2)
FNF:3
FNH:3
FNDA:4,PrivateRoute
FNDA:3,(anonymous_1)
FNDA:2,(anonymous_2)
DA:8,4
DA:9,4
DA:11,4
DA:12,3
DA:13,2
DA:14,2
DA:15,1
DA:17,1
DA:20,3
DA:23,4
LF:10
LH:10
BRDA:14,0,0,1
BRDA:14,0,1,1
BRDA:20,1,0,2
BRDA:20,1,1,1
BRDA:23,2,0,1
BRDA:23,2,1,3
BRF:6
BRH:6
end_of_record
TN:
SF:client/src/context/auth.js
FN:7,(anonymous_0)
FN:17,(anonymous_1)
FN:23,(anonymous_2)
FN:53,(anonymous_3)
FNF:4
FNH:4
FNDA:13,(anonymous_0)
FNDA:13,(anonymous_1)
FNDA:7,(anonymous_2)
FNDA:13,(anonymous_3)
DA:4,3
DA:7,3
DA:8,13
DA:9,13
DA:13,2
DA:17,3
DA:18,13
DA:21,13
DA:23,13
DA:24,7
DA:25,7
DA:26,4
DA:27,4
DA:28,3
DA:33,3
DA:34,2
DA:37,1
DA:40,1
DA:45,13
DA:53,13
LF:20
LH:20
BRDA:10,0,0,13
BRDA:10,0,1,5
BRDA:25,1,0,4
BRDA:25,1,1,3
BRDA:30,2,0,3
BRDA:30,2,1,1
BRDA:31,3,0,3
BRDA:31,3,1,1
BRDA:33,4,0,2
BRDA:33,4,1,1
BRF:10
BRH:10
end_of_record
TN:
SF:client/src/context/cart.js
FN:4,(anonymous_0)
FN:7,(anonymous_1)
FN:20,(anonymous_2)
FNF:3
FNH:0
FNDA:0,(anonymous_0)
FNDA:0,(anonymous_1)
FNDA:0,(anonymous_2)
DA:3,0
DA:4,0
DA:5,0
DA:7,0
DA:8,0
DA:9,0
DA:12,0
DA:20,0
LF:8
LH:0
BRDA:9,0,0,0
BRDA:9,0,1,0
BRF:2
BRH:0
end_of_record
TN:
SF:client/src/context/search.js
FN:4,(anonymous_0)
FN:18,(anonymous_1)
FNF:2
FNH:2
FNDA:4,(anonymous_0)
FNDA:4,(anonymous_1)
DA:3,2
DA:4,2
DA:5,4
DA:10,4
DA:18,4
LF:5
LH:5
BRF:0
BRH:0
end_of_record
TN:
SF:client/src/pages/About.js
FN:4,(anonymous_0)
FNF:1
FNH:0
FNDA:0,(anonymous_0)
DA:4,0
DA:5,0
LF:2
LH:0
BRF:0
BRH:0
end_of_record
TN:
SF:client/src/pages/CartPage.js
FN:12,(anonymous_0)
FN:21,(anonymous_1)
FN:24,(anonymous_2)
FN:36,(anonymous_3)
FN:39,(anonymous_4)
FN:49,(anonymous_5)
FN:57,(anonymous_6)
FN:62,(anonymous_7)
FN:102,(anonymous_8)
FN:121,(anonymous_9)
FN:141,(anonymous_10)
FN:152,(anonymous_11)
FN:159,(anonymous_12)
FN:182,(anonymous_13)
FNF:14
FNH:0
FNDA:0,(anonymous_0)
FNDA:0,(anonymous_1)
FNDA:0,(anonymous_2)
FNDA:0,(anonymous_3)
FNDA:0,(anonymous_4)
FNDA:0,(anonymous_5)
FNDA:0,(anonymous_6)
FNDA:0,(anonymous_7)
FNDA:0,(anonymous_8)
FNDA:0,(anonymous_9)
FNDA:0,(anonymous_10)
FNDA:0,(anonymous_11)
FNDA:0,(anonymous_12)
FNDA:0,(anonymous_13)
DA:12,0
DA:13,0
DA:14,0
DA:15,0
DA:16,0
DA:17,0
DA:18,0
DA:21,0
DA:22,0
DA:23,0
DA:24,0
DA:25,0
DA:27,0
DA:32,0
DA:36,0
DA:37,0
DA:38,0
DA:39,0
DA:40,0
DA:41,0
DA:42,0
DA:44,0
DA:49,0
DA:50,0
DA:51,0
DA:52,0
DA:54,0
DA:57,0
DA:58,0
DA:62,0
DA:63,0
DA:64,0
DA:65,0
DA:66,0
DA:70,0
DA:71,0
DA:72,0
DA:73,0
DA:74,0
DA:76,0
DA:77,0
DA:80,0
DA:103,0
DA:121,0
DA:141,0
DA:152,0
DA:160,0
DA:182,0
LF:48
LH:0
BRDA:86,0,0,0
BRDA:86,0,1,0
BRDA:88,1,0,0
BRDA:88,1,1,0
BRDA:90,2,0,0
BRDA:90,2,1,0
BRDA:92,3,0,0
BRDA:92,3,1,0
BRDA:134,4,0,0
BRDA:134,4,1,0
BRDA:149,5,0,0
BRDA:149,5,1,0
BRDA:171,6,0,0
BRDA:171,6,1,0
BRDA:171,7,0,0
BRDA:171,7,1,0
BRDA:171,7,2,0
BRDA:188,8,0,0
BRDA:188,8,1,0
BRDA:188,8,2,0
BRDA:190,9,0,0
BRDA:190,9,1,0
BRF:22
BRH:0
end_of_record
TN:
SF:client/src/pages/Categories.js
FN:5,(anonymous_0)
FN:11,(anonymous_1)
FNF:2
FNH:0
FNDA:0,(anonymous_0)
FNDA:0,(anonymous_1)
DA:5,0
DA:6,0
DA:7,0
DA:12,0
LF:4
LH:0
BRF:0
BRH:0
end_of_record
TN:
SF:client/src/pages/CategoryProduct.js
FN:6,(anonymous_0)
FN:12,(anonymous_1)
FN:15,(anonymous_2)
FN:35,(anonymous_3)
FN:58,(anonymous_4)
FNF:5
FNH:0
FNDA:0,(anonymous_0)
FNDA:0,(anonymous_1)
FNDA:0,(anonymous_2)
FNDA:0,(anonymous_3)
FNDA:0,(anonymous_4)
DA:6,0
DA:7,0
DA:8,0
DA:9,0
DA:10,0
DA:12,0
DA:13,0
DA:15,0
DA:16,0
DA:17,0
DA:20,0
DA:21,0
DA:23,0
DA:27,0
DA:36,0
DA:58,0
LF:16
LH:0
BRDA:13,0,0,0
BRDA:13,0,1,0
BRF:2
BRH:0
end_of_record
TN:
SF:client/src/pages/Contact.js
FN:4,(anonymous_0)
FNF:1
FNH:0
FNDA:0,(anonymous_0)
DA:4,0
DA:5,0
LF:2
LH:0
BRF:0
BRH:0
end_of_record
TN:
SF:client/src/pages/HomePage.js
FN:12,(anonymous_0)
FN:24,(anonymous_1)
FN:35,(anonymous_2)
FN:40,(anonymous_3)
FN:53,(anonymous_4)
FN:62,(anonymous_5)
FN:67,(anonymous_6)
FN:80,(anonymous_7)
FN:85,(anonymous_8)
FN:89,(anonymous_9)
FN:93,(anonymous_10)
FN:98,(anonymous_11)
FN:123,(anonymous_12)
FN:126,(anonymous_13)
FN:135,(anonymous_14)
FN:136,(anonymous_15)
FN:146,(anonymous_16)
FN:155,(anonymous_17)
FN:178,(anonymous_18)
FN:184,(anonymous_19)
FN:204,(anonymous_20)
FNF:21
FNH:0
FNDA:0,(anonymous_0)
FNDA:0,(anonymous_1)
FNDA:0,(anonymous_2)
FNDA:0,(anonymous_3)
FNDA:0,(anonymous_4)
FNDA:0,(anonymous_5)
FNDA:0,(anonymous_6)
FNDA:0,(anonymous_7)
FNDA:0,(anonymous_8)
FNDA:0,(anonymous_9)
FNDA:0,(anonymous_10)
FNDA:0,(anonymous_11)
FNDA:0,(anonymous_12)
FNDA:0,(anonymous_13)
FNDA:0,(anonymous_14)
FNDA:0,(anonymous_15)
FNDA:0,(anonymous_16)
FNDA:0,(anonymous_17)
FNDA:0,(anonymous_18)
FNDA:0,(anonymous_19)
FNDA:0,(anonymous_20)
DA:12,0
DA:13,0
DA:14,0
DA:15,0
DA:16,0
DA:17,0
DA:18,0
DA:19,0
DA:20,0
DA:21,0
DA:24,0
DA:25,0
DA:26,0
DA:27,0
DA:28,0
DA:31,0
DA:35,0
DA:36,0
DA:37,0
DA:40,0
DA:41,0
DA:42,0
DA:43,0
DA:44,0
DA:45,0
DA:47,0
DA:48,0
DA:53,0
DA:54,0
DA:55,0
DA:56,0
DA:58,0
DA:62,0
DA:63,0
DA:64,0
DA:67,0
DA:68,0
DA:69,0
DA:70,0
DA:71,0
DA:72,0
DA:74,0
DA:75,0
DA:80,0
DA:81,0
DA:82,0
DA:83,0
DA:85,0
DA:87,0
DA:89,0
DA:90,0
DA:93,0
DA:94,0
DA:98,0
DA:99,0
DA:100,0
DA:104,0
DA:106,0
DA:109,0
DA:124,0
DA:126,0
DA:135,0
DA:137,0
DA:146,0
DA:156,0
DA:178,0
DA:185,0
DA:186,0
DA:190,0
DA:205,0
DA:206,0
LF:71
LH:0
BRDA:27,0,0,0
BRDA:27,0,1,0
BRDA:63,1,0,0
BRDA:63,1,1,0
BRDA:82,2,0,0
BRDA:82,2,1,0
BRDA:90,3,0,0
BRDA:90,3,1,0
BRDA:90,4,0,0
BRDA:90,4,1,0
BRDA:94,5,0,0
BRDA:94,5,1,0
BRDA:94,6,0,0
BRDA:94,6,1,0
BRDA:201,7,0,0
BRDA:201,7,1,0
BRDA:201,7,2,0
BRDA:209,8,0,0
BRDA:209,8,1,0
BRF:19
BRH:0
end_of_record
TN:
SF:client/src/pages/Pagenotfound.js
FN:5,(anonymous_0)
FNF:1
FNH:0
FNDA:0,(anonymous_0)
DA:5,0
DA:6,0
LF:2
LH:0
BRF:0
BRH:0
end_of_record
TN:
SF:client/src/pages/Policy.js
FN:4,(anonymous_0)
FNF:1
FNH:0
FNDA:0,(anonymous_0)
DA:4,0
DA:5,0
LF:2
LH:0
BRF:0
BRH:0
end_of_record
TN:
SF:client/src/pages/ProductDetails.js
FN:7,(anonymous_0)
FN:14,(anonymous_1)
FN:18,(anonymous_2)
FN:30,(anonymous_3)
FN:75,(anonymous_4)
FN:98,(anonymous_5)
FNF:6
FNH:0
FNDA:0,(anonymous_0)
FNDA:0,(anonymous_1)
FNDA:0,(anonymous_2)
FNDA:0,(anonymous_3)
FNDA:0,(anonymous_4)
FNDA:0,(anonymous_5)
DA:7,0
DA:8,0
DA:9,0
DA:10,0
DA:11,0
DA:14,0
DA:15,0
DA:18,0
DA:19,0
DA:20,0
DA:23,0
DA:24,0
DA:26,0
DA:30,0
DA:31,0
DA:32,0
DA:35,0
DA:37,0
DA:40,0
DA:76,0
DA:98,0
LF:21
LH:0
BRDA:15,0,0,0
BRDA:15,0,1,0
BRDA:71,1,0,0
BRDA:71,1,1,0
BRF:4
BRH:0
end_of_record
TN:
SF:client/src/pages/Search.js
FN:4,(anonymous_0)
FN:17,(anonymous_1)
FNF:2
FNH:2
FNDA:3,(anonymous_0)
FNDA:4,(anonymous_1)
DA:4,1
DA:5,3
DA:6,3
DA:18,4
LF:4
LH:4
BRDA:12,0,0,1
BRDA:12,0,1,2
BRF:2
BRH:2
end_of_record
TN:
SF:client/src/pages/Auth/ForgotPassword.js
FN:9,(anonymous_0)
FN:15,(anonymous_1)
FN:60,(anonymous_2)
FN:70,(anonymous_3)
FN:80,(anonymous_4)
FNF:5
FNH:5
FNDA:159,(anonymous_0)
FNDA:9,(anonymous_1)
FNDA:55,(anonymous_2)
FNDA:33,(anonymous_3)
FNDA:48,(anonymous_4)
DA:9,1
DA:10,159
DA:11,159
DA:12,159
DA:13,159
DA:15,159
DA:16,9
DA:17,9
DA:18,3
DA:19,3
DA:22,6
DA:23,6
DA:24,6
DA:30,5
DA:31,3
DA:37,3
DA:38,3
DA:39,3
DA:41,2
DA:44,1
DA:46,6
DA:50,159
DA:60,55
DA:70,33
DA:80,48
LF:25
LH:25
BRDA:17,0,0,3
BRDA:17,0,1,6
BRDA:17,1,0,9
BRDA:17,1,1,8
BRDA:17,1,2,7
BRDA:30,2,0,3
BRDA:30,2,1,2
BRDA:30,3,0,5
BRDA:30,3,1,5
BRDA:31,4,0,3
BRDA:31,4,1,1
BRDA:41,5,0,2
BRDA:41,5,1,1
BRDA:87,6,0,6
BRDA:87,6,1,153
BRF:15
BRH:15
end_of_record
TN:
SF:client/src/pages/Auth/Login.js
FN:9,(anonymous_0)
FN:18,(anonymous_1)
FN:60,(anonymous_2)
FN:71,(anonymous_3)
FN:82,(anonymous_4)
FNF:5
FNH:5
FNDA:15,(anonymous_0)
FNDA:3,(anonymous_1)
FNDA:4,(anonymous_2)
FNDA:4,(anonymous_3)
FNDA:1,(anonymous_4)
DA:9,1
DA:10,15
DA:11,15
DA:12,15
DA:14,15
DA:15,15
DA:18,15
DA:19,3
DA:20,3
DA:21,3
DA:25,2
DA:26,1
DA:34,1
DA:39,1
DA:40,1
DA:42,1
DA:45,1
DA:46,1
DA:49,15
DA:60,4
DA:71,4
DA:83,1
LF:22
LH:22
BRDA:25,0,0,1
BRDA:25,0,1,1
BRDA:25,1,0,2
BRDA:25,1,1,2
BRDA:26,2,0,1
BRDA:26,2,1,1
BRDA:40,3,0,1
BRDA:40,3,1,1
BRF:8
BRH:8
end_of_record
TN:
SF:client/src/pages/Auth/Register.js
FN:7,(anonymous_0)
FN:18,(anonymous_1)
FN:51,(anonymous_2)
FN:63,(anonymous_3)
FN:74,(anonymous_4)
FN:85,(anonymous_5)
FN:96,(anonymous_6)
FN:107,(anonymous_7)
FN:118,(anonymous_8)
FNF:9
FNH:9
FNDA:24,(anonymous_0)
FNDA:3,(anonymous_1)
FNDA:3,(anonymous_2)
FNDA:3,(anonymous_3)
FNDA:3,(anonymous_4)
FNDA:3,(anonymous_5)
FNDA:3,(anonymous_6)
FNDA:3,(anonymous_7)
FNDA:3,(anonymous_8)
DA:7,1
DA:8,24
DA:9,24
DA:10,24
DA:11,24
DA:12,24
DA:13,24
DA:14,24
DA:15,24
DA:18,24
DA:19,3
DA:20,3
DA:21,3
DA:30,2
DA:31,1
DA:32,1
DA:34,1
DA:37,1
DA:38,1
DA:42,24
DA:51,3
DA:63,3
DA:74,3
DA:85,3
DA:96,3
DA:107,3
DA:118,3
LF:27
LH:27
BRDA:30,0,0,1
BRDA:30,0,1,1
BRDA:30,1,0,2
BRDA:30,1,1,2
BRF:4
BRH:4
end_of_record
TN:
SF:client/src/pages/admin/AdminDashboard.js
FN:5,(anonymous_0)
FNF:1
FNH:1
FNDA:3,(anonymous_0)
DA:5,1
DA:6,3
DA:7,3
LF:3
LH:3
BRF:0
BRH:0
end_of_record
TN:
SF:client/src/pages/admin/AdminOrders.js
FN:11,(anonymous_0)
FN:22,(anonymous_1)
FN:31,(anonymous_2)
FN:35,(anonymous_3)
FN:53,(anonymous_4)
FN:73,(anonymous_5)
FN:76,(anonymous_6)
FN:91,(anonymous_7)
FNF:8
FNH:8
FNDA:9,(anonymous_0)
FNDA:5,(anonymous_1)
FNDA:5,(anonymous_2)
FNDA:2,(anonymous_3)
FNDA:6,(anonymous_4)
FNDA:2,(anonymous_5)
FNDA:30,(anonymous_6)
FNDA:6,(anonymous_7)
DA:9,1
DA:11,1
DA:12,9
DA:19,8
DA:20,8
DA:21,8
DA:22,8
DA:23,5
DA:24,5
DA:25,4
DA:27,1
DA:31,8
DA:32,5
DA:35,8
DA:36,2
DA:37,2
DA:40,1
DA:42,1
DA:45,8
DA:54,6
DA:73,2
DA:77,30
DA:92,6
LF:23
LH:23
BRDA:32,0,0,4
BRDA:32,0,1,1
BRDA:85,1,0,3
BRDA:85,1,1,3
BRF:4
BRH:4
end_of_record
TN:
SF:client/src/pages/admin/CreateCategory.js
FN:8,(anonymous_0)
FN:15,(anonymous_1)
FN:34,(anonymous_2)
FN:46,(anonymous_3)
FN:51,(anonymous_4)
FN:72,(anonymous_5)
FN:113,(anonymous_6)
FN:120,(anonymous_7)
FN:130,(anonymous_8)
FN:144,(anonymous_9)
FNF:10
FNH:10
FNDA:56,(anonymous_0)
FNDA:3,(anonymous_1)
FNDA:16,(anonymous_2)
FNDA:13,(anonymous_3)
FNDA:3,(anonymous_4)
FNDA:3,(anonymous_5)
FNDA:21,(anonymous_6)
FNDA:4,(anonymous_7)
FNDA:3,(anonymous_8)
FNDA:1,(anonymous_9)
DA:8,1
DA:9,56
DA:10,55
DA:11,55
DA:12,55
DA:13,55
DA:15,55
DA:16,3
DA:17,3
DA:18,3
DA:21,2
DA:22,1
DA:23,1
DA:25,1
DA:28,1
DA:29,1
DA:34,55
DA:35,16
DA:36,16
DA:37,15
DA:38,14
DA:41,1
DA:42,1
DA:46,55
DA:47,13
DA:51,55
DA:52,3
DA:53,3
DA:54,3
DA:58,2
DA:59,1
DA:60,1
DA:61,1
DA:62,1
DA:63,1
DA:65,1
DA:68,1
DA:72,55
DA:73,3
DA:74,3
DA:77,2
DA:78,1
DA:80,1
DA:82,1
DA:85,1
DA:88,55
DA:114,21
DA:121,4
DA:122,4
DA:123,4
DA:131,3
DA:144,1
LF:52
LH:52
BRDA:21,0,0,1
BRDA:21,0,1,1
BRDA:37,1,0,14
BRDA:37,1,1,1
BRDA:58,2,0,1
BRDA:58,2,1,1
BRDA:77,3,0,1
BRDA:77,3,1,1
BRF:8
BRH:8
end_of_record
TN:
SF:client/src/pages/admin/CreateProduct.js
FN:10,(anonymous_0)
FN:22,(anonymous_1)
FN:34,(anonymous_2)
FN:39,(anonymous_3)
FN:81,(anonymous_4)
FN:85,(anonymous_5)
FN:98,(anonymous_6)
FN:121,(anonymous_7)
FN:130,(anonymous_8)
FN:140,(anonymous_9)
FN:149,(anonymous_10)
FN:159,(anonymous_11)
FNF:12
FNH:12
FNDA:58,(anonymous_0)
FNDA:7,(anonymous_1)
FNDA:7,(anonymous_2)
FNDA:3,(anonymous_3)
FNDA:2,(anonymous_4)
FNDA:49,(anonymous_5)
FNDA:2,(anonymous_6)
FNDA:10,(anonymous_7)
FNDA:20,(anonymous_8)
FNDA:6,(anonymous_9)
FNDA:4,(anonymous_10)
FNDA:2,(anonymous_11)
DA:8,1
DA:10,1
DA:11,58
DA:12,58
DA:13,57
DA:14,57
DA:15,57
DA:16,57
DA:17,57
DA:18,57
DA:19,57
DA:22,57
DA:23,7
DA:24,7
DA:25,6
DA:26,5
DA:29,1
DA:30,1
DA:34,57
DA:35,7
DA:39,57
DA:40,3
DA:41,3
DA:42,3
DA:43,3
DA:44,3
DA:45,3
DA:46,3
DA:47,3
DA:48,3
DA:49,3
DA:53,2
DA:54,1
DA:56,1
DA:57,1
DA:60,1
DA:61,1
DA:65,57
DA:82,2
DA:86,49
DA:98,2
DA:121,10
DA:130,20
DA:140,6
DA:149,4
DA:160,2
LF:46
LH:46
BRDA:25,0,0,5
BRDA:25,0,1,1
BRDA:53,1,0,1
BRDA:53,1,1,1
BRDA:93,2,0,2
BRDA:93,2,1,55
BRDA:104,3,0,57
BRDA:104,3,1,2
BRF:8
BRH:8
end_of_record
TN:
SF:client/src/pages/admin/Products.js
FN:7,(anonymous_0)
FN:11,(anonymous_1)
FN:22,(anonymous_2)
FN:34,(anonymous_3)
FNF:4
FNH:4
FNDA:3,(anonymous_0)
FNDA:2,(anonymous_1)
FNDA:2,(anonymous_2)
FNDA:1,(anonymous_3)
DA:7,1
DA:8,3
DA:11,3
DA:12,2
DA:13,2
DA:14,1
DA:16,1
DA:17,1
DA:22,3
DA:23,2
DA:25,3
DA:35,1
LF:12
LH:12
BRF:0
BRH:0
end_of_record
TN:
SF:client/src/pages/admin/UpdateProduct.js
FN:10,(anonymous_0)
FN:24,(anonymous_1)
FN:41,(anonymous_2)
FN:46,(anonymous_3)
FN:58,(anonymous_4)
FN:63,(anonymous_5)
FN:90,(anonymous_6)
FN:120,(anonymous_7)
FN:125,(anonymous_8)
FN:138,(anonymous_9)
FN:170,(anonymous_10)
FN:179,(anonymous_11)
FN:189,(anonymous_12)
FN:198,(anonymous_13)
FN:208,(anonymous_14)
FNF:15
FNH:15
FNDA:49,(anonymous_0)
FNDA:12,(anonymous_1)
FNDA:12,(anonymous_2)
FNDA:12,(anonymous_3)
FNDA:12,(anonymous_4)
FNDA:4,(anonymous_5)
FNDA:3,(anonymous_6)
FNDA:1,(anonymous_7)
FNDA:36,(anonymous_8)
FNDA:2,(anonymous_9)
FNDA:7,(anonymous_10)
FNDA:10,(anonymous_11)
FNDA:4,(anonymous_12)
FNDA:2,(anonymous_13)
FNDA:1,(anonymous_14)
DA:8,1
DA:10,1
DA:11,49
DA:12,49
DA:13,49
DA:14,48
DA:15,48
DA:16,48
DA:17,48
DA:18,48
DA:19,48
DA:20,48
DA:21,48
DA:24,48
DA:25,12
DA:26,12
DA:29,11
DA:30,11
DA:31,11
DA:32,11
DA:33,11
DA:34,11
DA:35,11
DA:36,11
DA:38,1
DA:41,48
DA:42,12
DA:46,48
DA:47,12
DA:48,12
DA:49,11
DA:50,10
DA:53,1
DA:54,1
DA:58,48
DA:59,12
DA:63,48
DA:64,4
DA:65,4
DA:66,4
DA:67,4
DA:68,4
DA:69,4
DA:70,4
DA:71,4
DA:72,4
DA:73,4
DA:77,3
DA:78,1
DA:80,2
DA:81,2
DA:84,1
DA:85,1
DA:90,48
DA:91,3
DA:92,3
DA:93,3
DA:94,2
DA:97,1
DA:98,1
DA:100,1
DA:101,1
DA:104,48
DA:121,1
DA:126,36
DA:138,2
DA:170,7
DA:179,10
DA:189,4
DA:198,2
DA:209,1
LF:71
LH:71
BRDA:49,0,0,10
BRDA:49,0,1,1
BRDA:71,1,0,4
BRDA:71,1,1,1
BRDA:77,2,0,1
BRDA:77,2,1,2
BRDA:93,3,0,1
BRDA:93,3,1,2
BRDA:133,4,0,2
BRDA:133,4,1,46
BRDA:144,5,0,2
BRDA:144,5,1,46
BRDA:211,6,0,36
BRDA:211,6,1,12
BRF:14
BRH:14
end_of_record
TN:
SF:client/src/pages/admin/Users.js
FN:5,(anonymous_0)
FNF:1
FNH:1
FNDA:2,(anonymous_0)
DA:5,1
DA:6,2
LF:2
LH:2
BRF:0
BRH:0
end_of_record
TN:
SF:client/src/pages/user/Dashboard.js
FN:5,(anonymous_0)
FNF:1
FNH:1
FNDA:1,(anonymous_0)
DA:5,1
DA:6,1
DA:7,1
LF:3
LH:3
BRF:0
BRH:0
end_of_record
TN:
SF:client/src/pages/user/Orders.js
FN:8,(anonymous_0)
FN:11,(anonymous_1)
FN:20,(anonymous_2)
FN:32,(anonymous_3)
FN:58,(anonymous_4)
FNF:5
FNH:5
FNDA:9,(anonymous_0)
FNDA:4,(anonymous_1)
FNDA:5,(anonymous_2)
FNDA:3,(anonymous_3)
FNDA:3,(anonymous_4)
DA:8,1
DA:9,9
DA:10,8
DA:11,8
DA:12,4
DA:13,4
DA:14,3
DA:16,1
DA:20,8
DA:21,5
DA:23,8
DA:33,3
DA:59,3
LF:13
LH:13
BRDA:21,0,0,4
BRDA:21,0,1,1
BRDA:52,1,0,2
BRDA:52,1,1,1
BRF:4
BRH:4
end_of_record
TN:
SF:client/src/pages/user/Profile.js
FN:7,(anonymous_0)
FN:18,(anonymous_1)
FN:27,(anonymous_2)
FN:67,(anonymous_3)
FN:78,(anonymous_4)
FN:89,(anonymous_5)
FN:99,(anonymous_6)
FN:109,(anonymous_7)
FNF:8
FNH:8
FNDA:18,(anonymous_0)
FNDA:6,(anonymous_1)
FNDA:3,(anonymous_2)
FNDA:2,(anonymous_3)
FNDA:1,(anonymous_4)
FNDA:1,(anonymous_5)
FNDA:1,(anonymous_6)
FNDA:1,(anonymous_7)
DA:7,1
DA:9,18
DA:11,18
DA:12,18
DA:13,18
DA:14,18
DA:15,18
DA:18,18
DA:19,6
DA:20,6
DA:21,6
DA:22,6
DA:23,6
DA:27,18
DA:28,3
DA:29,3
DA:30,3
DA:37,2
DA:38,1
DA:40,1
DA:41,1
DA:42,1
DA:43,1
DA:44,1
DA:45,1
DA:48,1
DA:49,1
DA:52,18
DA:67,2
DA:78,1
DA:89,1
DA:99,1
DA:109,1
LF:33
LH:33
BRDA:37,0,0,1
BRDA:37,0,1,1
BRF:2
BRH:2
end_of_record
